This is pdfTeX, Version 3.14159265-2.6-1.40.19 (TeX Live 2018) (preloaded format=pdflatex 2018.4.16)  29 APR 2019 14:06
entering extended mode
 restricted \write18 enabled.
 file:line:error style messages enabled.
 %&-line parsing enabled.
**AmNat_ReSubmission.tex
(./AmNat_ReSubmission.tex
LaTeX2e <2018-04-01> patch level 2
Babel <3.18> and hyphenation patterns for 84 language(s) loaded.
(/usr/local/texlive/2018/texmf-dist/tex/latex/base/article.cls
Document Class: article 2014/09/29 v1.4h Standard LaTeX document class
(/usr/local/texlive/2018/texmf-dist/tex/latex/base/size11.clo
File: size11.clo 2014/09/29 v1.4h Standard LaTeX file (size option)
)
\c@part=\count80
\c@section=\count81
\c@subsection=\count82
\c@subsubsection=\count83
\c@paragraph=\count84
\c@subparagraph=\count85
\c@figure=\count86
\c@table=\count87
\abovecaptionskip=\skip41
\belowcaptionskip=\skip42
\bibindent=\dimen102
)
(/usr/local/texlive/2018/texmf-dist/tex/latex/psnfss/mathpazo.sty
Package: mathpazo 2005/04/12 PSNFSS-v9.2a Palatino w/ Pazo Math (D.Puga, WaS) 
\symupright=\mathgroup4
)
(/usr/local/texlive/2018/texmf-dist/tex/latex/preprint/fullpage.sty
Package: fullpage 1999/02/23 1.1 (PWD)
\FP@margin=\skip43
)
(/usr/local/texlive/2018/texmf-dist/tex/latex/natbib/natbib.sty
Package: natbib 2010/09/13 8.31b (PWD, AO)
\bibhang=\skip44
\bibsep=\skip45
LaTeX Info: Redefining \cite on input line 694.
\c@NAT@ctr=\count88
)
(/usr/local/texlive/2018/texmf-dist/tex/latex/base/inputenc.sty
Package: inputenc 2018/04/06 v1.3b Input encoding file
\inpenc@prehook=\toks14
\inpenc@posthook=\toks15
)
(/usr/local/texlive/2018/texmf-dist/tex/latex/lineno/lineno.sty
Package: lineno 2005/11/02 line numbers on paragraphs v4.41
\linenopenalty=\count89
\output=\toks16
\linenoprevgraf=\count90
\linenumbersep=\dimen103
\linenumberwidth=\dimen104
\c@linenumber=\count91
\c@pagewiselinenumber=\count92
\c@LN@truepage=\count93
\c@internallinenumber=\count94
\c@internallinenumbers=\count95
\quotelinenumbersep=\dimen105
\bframerule=\dimen106
\bframesep=\dimen107
\bframebox=\box26
LaTeX Info: Redefining \\ on input line 3056.
)
(/usr/local/texlive/2018/texmf-dist/tex/latex/titlesec/titlesec.sty
Package: titlesec 2016/03/21 v2.10.2 Sectioning titles
\ttl@box=\box27
\beforetitleunit=\skip46
\aftertitleunit=\skip47
\ttl@plus=\dimen108
\ttl@minus=\dimen109
\ttl@toksa=\toks17
\titlewidth=\dimen110
\titlewidthlast=\dimen111
\titlewidthfirst=\dimen112
)
(/usr/local/texlive/2018/texmf-dist/tex/latex/titlesec/block.tss
File: block.tss 2016/03/15
)
(/usr/local/texlive/2018/texmf-dist/tex/latex/psnfss/mathptmx.sty
Package: mathptmx 2005/04/12 PSNFSS-v9.2a Times w/ Math, improved (SPQR, WaS) 
LaTeX Font Info:    Redeclaring symbol font `operators' on input line 28.
LaTeX Font Info:    Overwriting symbol font `operators' in version `normal'
(Font)                  OT1/pplx/m/n --> OT1/ztmcm/m/n on input line 28.
LaTeX Font Info:    Overwriting symbol font `operators' in version `bold'
(Font)                  OT1/pplx/b/n --> OT1/ztmcm/m/n on input line 28.
LaTeX Font Info:    Redeclaring symbol font `letters' on input line 29.
LaTeX Font Info:    Overwriting symbol font `letters' in version `normal'
(Font)                  OML/zplm/m/it --> OML/ztmcm/m/it on input line 29.
LaTeX Font Info:    Overwriting symbol font `letters' in version `bold'
(Font)                  OML/zplm/b/it --> OML/ztmcm/m/it on input line 29.
LaTeX Font Info:    Redeclaring symbol font `symbols' on input line 30.
LaTeX Font Info:    Overwriting symbol font `symbols' in version `normal'
(Font)                  OMS/zplm/m/n --> OMS/ztmcm/m/n on input line 30.
LaTeX Font Info:    Overwriting symbol font `symbols' in version `bold'
(Font)                  OMS/zplm/b/n --> OMS/ztmcm/m/n on input line 30.
LaTeX Font Info:    Redeclaring symbol font `largesymbols' on input line 31.
LaTeX Font Info:    Overwriting symbol font `largesymbols' in version `normal'
(Font)                  OMX/zplm/m/n --> OMX/ztmcm/m/n on input line 31.
LaTeX Font Info:    Overwriting symbol font `largesymbols' in version `bold'
(Font)                  OMX/zplm/m/n --> OMX/ztmcm/m/n on input line 31.
\symbold=\mathgroup5
\symitalic=\mathgroup6
LaTeX Font Info:    Redeclaring math alphabet \mathbf on input line 34.
LaTeX Font Info:    Overwriting math alphabet `\mathbf' in version `normal'
(Font)                  OT1/zplm/b/n --> OT1/ptm/bx/n on input line 34.
LaTeX Font Info:    Overwriting math alphabet `\mathbf' in version `bold'
(Font)                  OT1/zplm/b/n --> OT1/ptm/bx/n on input line 34.
LaTeX Font Info:    Redeclaring math alphabet \mathit on input line 35.
LaTeX Font Info:    Overwriting math alphabet `\mathit' in version `normal'
(Font)                  OT1/pplx/m/it --> OT1/ptm/m/it on input line 35.
LaTeX Font Info:    Overwriting math alphabet `\mathit' in version `bold'
(Font)                  OT1/pplx/b/it --> OT1/ptm/m/it on input line 35.
LaTeX Info: Redefining \hbar on input line 50.
LaTeX Font Info:    Redeclaring math symbol \upGamma on input line 93.
LaTeX Font Info:    Redeclaring math symbol \upDelta on input line 94.
LaTeX Font Info:    Redeclaring math symbol \upTheta on input line 95.
LaTeX Font Info:    Redeclaring math symbol \upLambda on input line 96.
LaTeX Font Info:    Redeclaring math symbol \upXi on input line 97.
LaTeX Font Info:    Redeclaring math symbol \upPi on input line 98.
LaTeX Font Info:    Redeclaring math symbol \upSigma on input line 99.
LaTeX Font Info:    Redeclaring math symbol \upUpsilon on input line 100.
LaTeX Font Info:    Redeclaring math symbol \upPhi on input line 101.
LaTeX Font Info:    Redeclaring math symbol \upPsi on input line 102.
LaTeX Font Info:    Redeclaring math symbol \upOmega on input line 103.
)
(/usr/local/texlive/2018/texmf-dist/tex/latex/hyperref/hyperref.sty
Package: hyperref 2018/02/06 v6.86b Hypertext links for LaTeX

(/usr/local/texlive/2018/texmf-dist/tex/generic/oberdiek/hobsub-hyperref.sty
Package: hobsub-hyperref 2016/05/16 v1.14 Bundle oberdiek, subset hyperref (HO)


(/usr/local/texlive/2018/texmf-dist/tex/generic/oberdiek/hobsub-generic.sty
Package: hobsub-generic 2016/05/16 v1.14 Bundle oberdiek, subset generic (HO)
Package: hobsub 2016/05/16 v1.14 Construct package bundles (HO)
Package: infwarerr 2016/05/16 v1.4 Providing info/warning/error messages (HO)
Package: ltxcmds 2016/05/16 v1.23 LaTeX kernel commands for general use (HO)
Package: ifluatex 2016/05/16 v1.4 Provides the ifluatex switch (HO)
Package ifluatex Info: LuaTeX not detected.
Package: ifvtex 2016/05/16 v1.6 Detect VTeX and its facilities (HO)
Package ifvtex Info: VTeX not detected.
Package: intcalc 2016/05/16 v1.2 Expandable calculations with integers (HO)
Package: ifpdf 2017/03/15 v3.2 Provides the ifpdf switch
Package: etexcmds 2016/05/16 v1.6 Avoid name clashes with e-TeX commands (HO)
Package etexcmds Info: Could not find \expanded.
(etexcmds)             That can mean that you are not using pdfTeX 1.50 or
(etexcmds)             that some package has redefined \expanded.
(etexcmds)             In the latter case, load this package earlier.
Package: kvsetkeys 2016/05/16 v1.17 Key value parser (HO)
Package: kvdefinekeys 2016/05/16 v1.4 Define keys (HO)
Package: pdftexcmds 2018/01/30 v0.27 Utility functions of pdfTeX for LuaTeX (HO
)
Package pdftexcmds Info: LuaTeX not detected.
Package pdftexcmds Info: \pdf@primitive is available.
Package pdftexcmds Info: \pdf@ifprimitive is available.
Package pdftexcmds Info: \pdfdraftmode found.
Package: pdfescape 2016/05/16 v1.14 Implements pdfTeX's escape features (HO)
Package: bigintcalc 2016/05/16 v1.4 Expandable calculations on big integers (HO
)
Package: bitset 2016/05/16 v1.2 Handle bit-vector datatype (HO)
Package: uniquecounter 2016/05/16 v1.3 Provide unlimited unique counter (HO)
)
Package hobsub Info: Skipping package `hobsub' (already loaded).
Package: letltxmacro 2016/05/16 v1.5 Let assignment for LaTeX macros (HO)
Package: hopatch 2016/05/16 v1.3 Wrapper for package hooks (HO)
Package: xcolor-patch 2016/05/16 xcolor patch
Package: atveryend 2016/05/16 v1.9 Hooks at the very end of document (HO)
Package atveryend Info: \enddocument detected (standard20110627).
Package: atbegshi 2016/06/09 v1.18 At begin shipout hook (HO)
Package: refcount 2016/05/16 v3.5 Data extraction from label references (HO)
Package: hycolor 2016/05/16 v1.8 Color options for hyperref/bookmark (HO)
)
(/usr/local/texlive/2018/texmf-dist/tex/latex/graphics/keyval.sty
Package: keyval 2014/10/28 v1.15 key=value parser (DPC)
\KV@toks@=\toks18
)
(/usr/local/texlive/2018/texmf-dist/tex/generic/ifxetex/ifxetex.sty
Package: ifxetex 2010/09/12 v0.6 Provides ifxetex conditional
)
(/usr/local/texlive/2018/texmf-dist/tex/latex/oberdiek/auxhook.sty
Package: auxhook 2016/05/16 v1.4 Hooks for auxiliary files (HO)
)
(/usr/local/texlive/2018/texmf-dist/tex/latex/oberdiek/kvoptions.sty
Package: kvoptions 2016/05/16 v3.12 Key value format for package options (HO)
)
\@linkdim=\dimen113
\Hy@linkcounter=\count96
\Hy@pagecounter=\count97

(/usr/local/texlive/2018/texmf-dist/tex/latex/hyperref/pd1enc.def
File: pd1enc.def 2018/02/06 v6.86b Hyperref: PDFDocEncoding definition (HO)
Now handling font encoding PD1 ...
... no UTF-8 mapping file for font encoding PD1
)
\Hy@SavedSpaceFactor=\count98

(/usr/local/texlive/2018/texmf-dist/tex/latex/latexconfig/hyperref.cfg
File: hyperref.cfg 2002/06/06 v1.2 hyperref configuration of TeXLive
)
Package hyperref Info: Hyper figures OFF on input line 4509.
Package hyperref Info: Link nesting OFF on input line 4514.
Package hyperref Info: Hyper index ON on input line 4517.
Package hyperref Info: Plain pages OFF on input line 4524.
Package hyperref Info: Backreferencing OFF on input line 4529.
Package hyperref Info: Implicit mode ON; LaTeX internals redefined.
Package hyperref Info: Bookmarks ON on input line 4762.
\c@Hy@tempcnt=\count99

(/usr/local/texlive/2018/texmf-dist/tex/latex/url/url.sty
\Urlmuskip=\muskip10
Package: url 2013/09/16  ver 3.4  Verb mode for urls, etc.
)
LaTeX Info: Redefining \url on input line 5115.
\XeTeXLinkMargin=\dimen114
\Fld@menulength=\count100
\Field@Width=\dimen115
\Fld@charsize=\dimen116
Package hyperref Info: Hyper figures OFF on input line 6369.
Package hyperref Info: Link nesting OFF on input line 6374.
Package hyperref Info: Hyper index ON on input line 6377.
Package hyperref Info: backreferencing OFF on input line 6384.
Package hyperref Info: Link coloring OFF on input line 6389.
Package hyperref Info: Link coloring with OCG OFF on input line 6394.
Package hyperref Info: PDF/A mode OFF on input line 6399.
LaTeX Info: Redefining \ref on input line 6439.
LaTeX Info: Redefining \pageref on input line 6443.
\Hy@abspage=\count101
\c@Item=\count102
\c@Hfootnote=\count103
)
Package hyperref Info: Driver (autodetected): hpdftex.

(/usr/local/texlive/2018/texmf-dist/tex/latex/hyperref/hpdftex.def
File: hpdftex.def 2018/02/06 v6.86b Hyperref driver for pdfTeX
\Fld@listcount=\count104
\c@bookmark@seq@number=\count105

(/usr/local/texlive/2018/texmf-dist/tex/latex/oberdiek/rerunfilecheck.sty
Package: rerunfilecheck 2016/05/16 v1.8 Rerun checks for auxiliary files (HO)
Package uniquecounter Info: New unique counter `rerunfilecheck' on input line 2
82.
)
\Hy@SectionHShift=\skip48
)
(/usr/local/texlive/2018/texmf-dist/tex/latex/geometry/geometry.sty
Package: geometry 2018/03/24 v5.7 Page Geometry
\Gm@cnth=\count106
\Gm@cntv=\count107
\c@Gm@tempcnt=\count108
\Gm@bindingoffset=\dimen117
\Gm@wd@mp=\dimen118
\Gm@odd@mp=\dimen119
\Gm@even@mp=\dimen120
\Gm@layoutwidth=\dimen121
\Gm@layoutheight=\dimen122
\Gm@layouthoffset=\dimen123
\Gm@layoutvoffset=\dimen124
\Gm@dimlist=\toks19
)
(/usr/local/texlive/2018/texmf-dist/tex/latex/amsmath/amsmath.sty
Package: amsmath 2017/09/02 v2.17a AMS math features
\@mathmargin=\skip49

For additional information on amsmath, use the `?' option.
(/usr/local/texlive/2018/texmf-dist/tex/latex/amsmath/amstext.sty
Package: amstext 2000/06/29 v2.01 AMS text

(/usr/local/texlive/2018/texmf-dist/tex/latex/amsmath/amsgen.sty
File: amsgen.sty 1999/11/30 v2.0 generic functions
\@emptytoks=\toks20
\ex@=\dimen125
))
(/usr/local/texlive/2018/texmf-dist/tex/latex/amsmath/amsbsy.sty
Package: amsbsy 1999/11/29 v1.2d Bold Symbols
\pmbraise@=\dimen126
)
(/usr/local/texlive/2018/texmf-dist/tex/latex/amsmath/amsopn.sty
Package: amsopn 2016/03/08 v2.02 operator names
)
\inf@bad=\count109
LaTeX Info: Redefining \frac on input line 213.
\uproot@=\count110
\leftroot@=\count111
LaTeX Info: Redefining \overline on input line 375.
\classnum@=\count112
\DOTSCASE@=\count113
LaTeX Info: Redefining \ldots on input line 472.
LaTeX Info: Redefining \dots on input line 475.
LaTeX Info: Redefining \cdots on input line 596.
\Mathstrutbox@=\box28
\strutbox@=\box29
\big@size=\dimen127
LaTeX Font Info:    Redeclaring font encoding OML on input line 712.
LaTeX Font Info:    Redeclaring font encoding OMS on input line 713.
\macc@depth=\count114
\c@MaxMatrixCols=\count115
\dotsspace@=\muskip11
\c@parentequation=\count116
\dspbrk@lvl=\count117
\tag@help=\toks21
\row@=\count118
\column@=\count119
\maxfields@=\count120
\andhelp@=\toks22
\eqnshift@=\dimen128
\alignsep@=\dimen129
\tagshift@=\dimen130
\tagwidth@=\dimen131
\totwidth@=\dimen132
\lineht@=\dimen133
\@envbody=\toks23
\multlinegap=\skip50
\multlinetaggap=\skip51
\mathdisplay@stack=\toks24
LaTeX Info: Redefining \[ on input line 2817.
LaTeX Info: Redefining \] on input line 2818.
)
(/usr/local/texlive/2018/texmf-dist/tex/latex/amsfonts/amssymb.sty
Package: amssymb 2013/01/14 v3.01 AMS font symbols

(/usr/local/texlive/2018/texmf-dist/tex/latex/amsfonts/amsfonts.sty
Package: amsfonts 2013/01/14 v3.01 Basic AMSFonts support
\symAMSa=\mathgroup7
\symAMSb=\mathgroup8
LaTeX Font Info:    Overwriting math alphabet `\mathfrak' in version `bold'
(Font)                  U/euf/m/n --> U/euf/b/n on input line 106.
))
(/usr/local/texlive/2018/texmf-dist/tex/latex/amscls/amsthm.sty
Package: amsthm 2017/10/31 v2.20.4
\thm@style=\toks25
\thm@bodyfont=\toks26
\thm@headfont=\toks27
\thm@notefont=\toks28
\thm@headpunct=\toks29
\thm@preskip=\skip52
\thm@postskip=\skip53
\thm@headsep=\skip54
\dth@everypar=\toks30
)
(/usr/local/texlive/2018/texmf-dist/tex/latex/fancybox/fancybox.sty
Package: fancybox 2010/05/15 1.4

Style option: `fancybox' v1.4 <2010/05/15> (tvz)
\@fancybox=\box30
\shadowsize=\dimen134
\@Sbox=\box31
\do@VerbBox=\toks31
\the@fancyput=\toks32
\this@fancyput=\toks33
\EndVerbatimTokens=\toks34
\Verbatim@Outfile=\write3
\Verbatim@Infile=\read1
) (/usr/local/texlive/2018/texmf-dist/tex/latex/graphics/graphicx.sty
Package: graphicx 2017/06/01 v1.1a Enhanced LaTeX Graphics (DPC,SPQR)

(/usr/local/texlive/2018/texmf-dist/tex/latex/graphics/graphics.sty
Package: graphics 2017/06/25 v1.2c Standard LaTeX Graphics (DPC,SPQR)

(/usr/local/texlive/2018/texmf-dist/tex/latex/graphics/trig.sty
Package: trig 2016/01/03 v1.10 sin cos tan (DPC)
)
(/usr/local/texlive/2018/texmf-dist/tex/latex/graphics-cfg/graphics.cfg
File: graphics.cfg 2016/06/04 v1.11 sample graphics configuration
)
Package graphics Info: Driver file: pdftex.def on input line 99.

(/usr/local/texlive/2018/texmf-dist/tex/latex/graphics-def/pdftex.def
File: pdftex.def 2018/01/08 v1.0l Graphics/color driver for pdftex
))
\Gin@req@height=\dimen135
\Gin@req@width=\dimen136
)
(./AmNat_ReSubmission.aux

LaTeX Warning: Label `Fig:LifeCycle' multiply defined.

)
\openout1 = `AmNat_ReSubmission.aux'.

LaTeX Font Info:    Checking defaults for OML/cmm/m/it on input line 53.
LaTeX Font Info:    ... okay on input line 53.
LaTeX Font Info:    Checking defaults for T1/cmr/m/n on input line 53.
LaTeX Font Info:    ... okay on input line 53.
LaTeX Font Info:    Checking defaults for OT1/cmr/m/n on input line 53.
LaTeX Font Info:    ... okay on input line 53.
LaTeX Font Info:    Checking defaults for OMS/cmsy/m/n on input line 53.
LaTeX Font Info:    ... okay on input line 53.
LaTeX Font Info:    Checking defaults for OMX/cmex/m/n on input line 53.
LaTeX Font Info:    ... okay on input line 53.
LaTeX Font Info:    Checking defaults for U/cmr/m/n on input line 53.
LaTeX Font Info:    ... okay on input line 53.
LaTeX Font Info:    Checking defaults for PD1/pdf/m/n on input line 53.
LaTeX Font Info:    ... okay on input line 53.
LaTeX Font Info:    Try loading font information for OT1+ptm on input line 53.
 (/usr/local/texlive/2018/texmf-dist/tex/latex/psnfss/ot1ptm.fd
File: ot1ptm.fd 2001/06/04 font definitions for OT1/ptm.
)
\AtBeginShipoutBox=\box32
Package hyperref Info: Link coloring OFF on input line 53.

(/usr/local/texlive/2018/texmf-dist/tex/latex/hyperref/nameref.sty
Package: nameref 2016/05/21 v2.44 Cross-referencing by name of section

(/usr/local/texlive/2018/texmf-dist/tex/generic/oberdiek/gettitlestring.sty
Package: gettitlestring 2016/05/16 v1.5 Cleanup title references (HO)
)
\c@section@level=\count121
)
LaTeX Info: Redefining \ref on input line 53.
LaTeX Info: Redefining \pageref on input line 53.
LaTeX Info: Redefining \nameref on input line 53.

(./AmNat_ReSubmission.out) (./AmNat_ReSubmission.out)
\@outlinefile=\write4
\openout4 = `AmNat_ReSubmission.out'.


*geometry* driver: auto-detecting
*geometry* detected driver: pdftex
*geometry* verbose mode - [ preamble ] result:
* driver: pdftex
* paper: <default>
* layout: <same size as paper>
* layoutoffset:(h,v)=(0.0pt,0.0pt)
* modes: 
* h-part:(L,W,R)=(92.14519pt, 430.00462pt, 92.14519pt)
* v-part:(T,H,B)=(95.39737pt, 556.47656pt, 143.09605pt)
* \paperwidth=614.295pt
* \paperheight=794.96999pt
* \textwidth=430.00462pt
* \textheight=556.47656pt
* \oddsidemargin=19.8752pt
* \evensidemargin=19.8752pt
* \topmargin=23.12738pt
* \headheight=0.0pt
* \headsep=0.0pt
* \topskip=11.0pt
* \footskip=30.0pt
* \marginparwidth=59.0pt
* \marginparsep=10.0pt
* \columnsep=10.0pt
* \skip\footins=10.0pt plus 4.0pt minus 2.0pt
* \hoffset=0.0pt
* \voffset=0.0pt
* \mag=1000
* \@twocolumnfalse
* \@twosidefalse
* \@mparswitchfalse
* \@reversemarginfalse
* (1in=72.27pt=25.4mm, 1cm=28.453pt)

(/usr/local/texlive/2018/texmf-dist/tex/context/base/mkii/supp-pdf.mkii
[Loading MPS to PDF converter (version 2006.09.02).]
\scratchcounter=\count122
\scratchdimen=\dimen137
\scratchbox=\box33
\nofMPsegments=\count123
\nofMParguments=\count124
\everyMPshowfont=\toks35
\MPscratchCnt=\count125
\MPscratchDim=\dimen138
\MPnumerator=\count126
\makeMPintoPDFobject=\count127
\everyMPtoPDFconversion=\toks36
) (/usr/local/texlive/2018/texmf-dist/tex/latex/oberdiek/epstopdf-base.sty
Package: epstopdf-base 2016/05/15 v2.6 Base part for package epstopdf

(/usr/local/texlive/2018/texmf-dist/tex/latex/oberdiek/grfext.sty
Package: grfext 2016/05/16 v1.2 Manage graphics extensions (HO)
)
Package epstopdf-base Info: Redefining graphics rule for `.eps' on input line 4
38.
Package grfext Info: Graphics extension search list:
(grfext)             [.pdf,.png,.jpg,.mps,.jpeg,.jbig2,.jb2,.PDF,.PNG,.JPG,.JPE
G,.JBIG2,.JB2,.eps]
(grfext)             \AppendGraphicsExtensions on input line 456.

(/usr/local/texlive/2018/texmf-dist/tex/latex/latexconfig/epstopdf-sys.cfg
File: epstopdf-sys.cfg 2010/07/13 v1.3 Configuration of (r)epstopdf for TeX Liv
e
))
LaTeX Font Info:    Try loading font information for OT1+ztmcm on input line 56
.

(/usr/local/texlive/2018/texmf-dist/tex/latex/psnfss/ot1ztmcm.fd
File: ot1ztmcm.fd 2000/01/03 Fontinst v1.801 font definitions for OT1/ztmcm.
)
LaTeX Font Info:    Try loading font information for OML+ztmcm on input line 56
.

(/usr/local/texlive/2018/texmf-dist/tex/latex/psnfss/omlztmcm.fd
File: omlztmcm.fd 2000/01/03 Fontinst v1.801 font definitions for OML/ztmcm.
)
LaTeX Font Info:    Try loading font information for OMS+ztmcm on input line 56
.

(/usr/local/texlive/2018/texmf-dist/tex/latex/psnfss/omsztmcm.fd
File: omsztmcm.fd 2000/01/03 Fontinst v1.801 font definitions for OMS/ztmcm.
)
LaTeX Font Info:    Try loading font information for OMX+ztmcm on input line 56
.

(/usr/local/texlive/2018/texmf-dist/tex/latex/psnfss/omxztmcm.fd
File: omxztmcm.fd 2000/01/03 Fontinst v1.801 font definitions for OMX/ztmcm.
)
LaTeX Font Info:    Try loading font information for OT1+zplm on input line 56.


(/usr/local/texlive/2018/texmf-dist/tex/latex/psnfss/ot1zplm.fd
File: ot1zplm.fd 2002/09/08 Fontinst v1.914 font definitions for OT1/zplm.
)
LaTeX Font Info:    Font shape `OT1/ptm/bx/n' in size <12> not available
(Font)              Font shape `OT1/ptm/b/n' tried instead on input line 56.
LaTeX Font Info:    Font shape `OT1/ptm/bx/n' in size <9> not available
(Font)              Font shape `OT1/ptm/b/n' tried instead on input line 56.
LaTeX Font Info:    Font shape `OT1/ptm/bx/n' in size <7> not available
(Font)              Font shape `OT1/ptm/b/n' tried instead on input line 56.


LaTeX Warning: No \author given.

LaTeX Font Info:    Font shape `OT1/ptm/bx/n' in size <5> not available
(Font)              Font shape `OT1/ptm/b/n' tried instead on input line 81.
[1

{/usr/local/texlive/2018/texmf-var/fonts/map/pdftex/updmap/pdftex.map}]
LaTeX Font Info:    Font shape `OT1/ptm/bx/n' in size <14.4> not available
(Font)              Font shape `OT1/ptm/b/n' tried instead on input line 88.

[2] [3] [4] [5]
LaTeX Font Info:    Font shape `OT1/ptm/bx/n' in size <10.95> not available
(Font)              Font shape `OT1/ptm/b/n' tried instead on input line 105.
LaTeX Font Info:    Font shape `OT1/ptm/bx/n' in size <8> not available
(Font)              Font shape `OT1/ptm/b/n' tried instead on input line 105.
LaTeX Font Info:    Font shape `OT1/ptm/bx/n' in size <6> not available
(Font)              Font shape `OT1/ptm/b/n' tried instead on input line 105.
 [6] [7] [8] [9] [10] [11] [12] [13] [14] [15] [16] [17]
[18] [19] [20] [21] [22]
Underfull \hbox (badness 3386) in paragraph at lines 219--219
[]\OT1/ptm/m/n/10.95 Initial pop-u-la-tion size (seeded across mul-ti-ple
 []


Overfull \hbox (4.33394pt too wide) in paragraph at lines 216--228
[][] 
 []

[23] [24]
Overfull \hbox (40.33391pt too wide) in paragraph at lines 265--279
[][] 
 []

[25] [26] [27] [28] [29] [30] [31] [32] [33] (./AmNat_ReSubmission.bbl [34]
[35] [36] [37] [38]) [39]
<"/Users/Topher/Desktop/PostdocResearch/ShiftingSlopesOther/SchematicFigures/Si
mExample".pdf, id=496, 578.16pt x 180.675pt>
File: "/Users/Topher/Desktop/PostdocResearch/ShiftingSlopesOther/SchematicFigur
es/SimExample".pdf Graphic file (type pdf)
<use "/Users/Topher/Desktop/PostdocResearch/ShiftingSlopesOther/SchematicFigure
s/SimExample".pdf>
Package pdftex.def Info: "/Users/Topher/Desktop/PostdocResearch/ShiftingSlopesO
ther/SchematicFigures/SimExample".pdf  used on input line 412.
(pdftex.def)             Requested size: 430.00462pt x 134.37558pt.
 [40 </Users/Topher/Desktop/PostdocResearch/ShiftingSlopesOther/SchematicFigure
s/SimExample.pdf>]
<"/Users/Topher/Desktop/PostdocResearch/ShiftingSlopesOther/ResultFigures/MainE
xtinction".pdf, id=508, 867.24pt x 325.215pt>
File: "/Users/Topher/Desktop/PostdocResearch/ShiftingSlopesOther/ResultFigures/
MainExtinction".pdf Graphic file (type pdf)
<use "/Users/Topher/Desktop/PostdocResearch/ShiftingSlopesOther/ResultFigures/M
ainExtinction".pdf>
Package pdftex.def Info: "/Users/Topher/Desktop/PostdocResearch/ShiftingSlopesO
ther/ResultFigures/MainExtinction".pdf  used on input line 420.
(pdftex.def)             Requested size: 430.00462pt x 161.25237pt.
 [41

 </Users/Topher/Desktop/PostdocResearch/ShiftingSlopesOther/ResultFigures/MainE
xtinction.pdf>]
<"/Users/Topher/Desktop/PostdocResearch/ShiftingSlopesOther/ResultFigures/MainM
eanDisp".pdf, id=519, 867.24pt x 650.43pt>
File: "/Users/Topher/Desktop/PostdocResearch/ShiftingSlopesOther/ResultFigures/
MainMeanDisp".pdf Graphic file (type pdf)
<use "/Users/Topher/Desktop/PostdocResearch/ShiftingSlopesOther/ResultFigures/M
ainMeanDisp".pdf>
Package pdftex.def Info: "/Users/Topher/Desktop/PostdocResearch/ShiftingSlopesO
ther/ResultFigures/MainMeanDisp".pdf  used on input line 428.
(pdftex.def)             Requested size: 430.00462pt x 322.50475pt.
 [42

 </Users/Topher/Desktop/PostdocResearch/ShiftingSlopesOther/ResultFigures/MainM
eanDisp.pdf>]
<"/Users/Topher/Desktop/PostdocResearch/ShiftingSlopesOther/ResultFigures/MainD
ispGenVar".pdf, id=530, 867.24pt x 650.43pt>
File: "/Users/Topher/Desktop/PostdocResearch/ShiftingSlopesOther/ResultFigures/
MainDispGenVar".pdf Graphic file (type pdf)
<use "/Users/Topher/Desktop/PostdocResearch/ShiftingSlopesOther/ResultFigures/M
ainDispGenVar".pdf>
Package pdftex.def Info: "/Users/Topher/Desktop/PostdocResearch/ShiftingSlopesO
ther/ResultFigures/MainDispGenVar".pdf  used on input line 435.
(pdftex.def)             Requested size: 430.00462pt x 322.50475pt.
[43

 </Users/Topher/Desktop/PostdocResearch/ShiftingSlopesOther/ResultFigures/MainD
ispGenVar.pdf>]
<"/Users/Topher/Desktop/PostdocResearch/ShiftingSlopesOther/ResultFigures/MainM
eanNiche".pdf, id=542, 867.24pt x 650.43pt>
File: "/Users/Topher/Desktop/PostdocResearch/ShiftingSlopesOther/ResultFigures/
MainMeanNiche".pdf Graphic file (type pdf)
<use "/Users/Topher/Desktop/PostdocResearch/ShiftingSlopesOther/ResultFigures/M
ainMeanNiche".pdf>
Package pdftex.def Info: "/Users/Topher/Desktop/PostdocResearch/ShiftingSlopesO
ther/ResultFigures/MainMeanNiche".pdf  used on input line 443.
(pdftex.def)             Requested size: 430.00462pt x 322.50475pt.
 [44

 </Users/Topher/Desktop/PostdocResearch/ShiftingSlopesOther/ResultFigures/MainM
eanNiche.pdf>]
<"/Users/Topher/Desktop/PostdocResearch/ShiftingSlopesOther/ResultFigures/MainF
itGenVar".pdf, id=553, 867.24pt x 650.43pt>
File: "/Users/Topher/Desktop/PostdocResearch/ShiftingSlopesOther/ResultFigures/
MainFitGenVar".pdf Graphic file (type pdf)
<use "/Users/Topher/Desktop/PostdocResearch/ShiftingSlopesOther/ResultFigures/M
ainFitGenVar".pdf>
Package pdftex.def Info: "/Users/Topher/Desktop/PostdocResearch/ShiftingSlopesO
ther/ResultFigures/MainFitGenVar".pdf  used on input line 451.
(pdftex.def)             Requested size: 430.00462pt x 322.50475pt.
 [45

 </Users/Topher/Desktop/PostdocResearch/ShiftingSlopesOther/ResultFigures/MainF
itGenVar.pdf>]
<"/Users/Topher/Desktop/PostdocResearch/ShiftingSlopesOther/SchematicFigures/f_
of_xt".pdf, id=564, 505.89pt x 252.945pt>
File: "/Users/Topher/Desktop/PostdocResearch/ShiftingSlopesOther/SchematicFigur
es/f_of_xt".pdf Graphic file (type pdf)
<use "/Users/Topher/Desktop/PostdocResearch/ShiftingSlopesOther/SchematicFigure
s/f_of_xt".pdf>
Package pdftex.def Info: "/Users/Topher/Desktop/PostdocResearch/ShiftingSlopesO
ther/SchematicFigures/f_of_xt".pdf  used on input line 464.
(pdftex.def)             Requested size: 430.00462pt x 215.00812pt.
pdfTeX warning (ext4): destination with the same identifier (name{figure.1}) ha
s been already used, duplicate ignored
<to be read again> 
                   \relax 
l.465 ...rapping boundaries in the $y$ dimension.}
                                                  pdfTeX warning (ext4): destin
ation with the same identifier (name{figure.1}) has been already used, duplicat
e ignored
<to be read again> 
                   \relax 
l.465 ...rapping boundaries in the $y$ dimension.}
                                                   [46

 </Users/Topher/Desktop/PostdocResearch/ShiftingSlopesOther/SchematicFigures/f_
of_xt.pdf>]
<"/Users/Topher/Desktop/PostdocResearch/ShiftingSlopesOther/SchematicFigures/Li
feCycle".pdf, id=576, 963.6pt x 542.025pt>
File: "/Users/Topher/Desktop/PostdocResearch/ShiftingSlopesOther/SchematicFigur
es/LifeCycle".pdf Graphic file (type pdf)
<use "/Users/Topher/Desktop/PostdocResearch/ShiftingSlopesOther/SchematicFigure
s/LifeCycle".pdf>
Package pdftex.def Info: "/Users/Topher/Desktop/PostdocResearch/ShiftingSlopesO
ther/SchematicFigures/LifeCycle".pdf  used on input line 472.
(pdftex.def)             Requested size: 430.00462pt x 241.87442pt.
pdfTeX warning (ext4): destination with the same identifier (name{figure.2}) ha
s been already used, duplicate ignored
<to be read again> 
                   \relax 
l.473 ...n discrete, non-overlapping generations.}
                                                  pdfTeX warning (ext4): destin
ation with the same identifier (name{figure.2}) has been already used, duplicat
e ignored
<to be read again> 
                   \relax 
l.473 ...n discrete, non-overlapping generations.}
                                                   [47

 </Users/Topher/Desktop/PostdocResearch/ShiftingSlopesOther/SchematicFigures/Li
feCycle.pdf>]
<"/Users/Topher/Desktop/PostdocResearch/ShiftingSlopesOther/SchematicFigures/Di
scretization".pdf, id=604, 505.89pt x 505.89pt>
File: "/Users/Topher/Desktop/PostdocResearch/ShiftingSlopesOther/SchematicFigur
es/Discretization".pdf Graphic file (type pdf)
<use "/Users/Topher/Desktop/PostdocResearch/ShiftingSlopesOther/SchematicFigure
s/Discretization".pdf>
Package pdftex.def Info: "/Users/Topher/Desktop/PostdocResearch/ShiftingSlopesO
ther/SchematicFigures/Discretization".pdf  used on input line 480.
(pdftex.def)             Requested size: 430.00462pt x 430.01624pt.
pdfTeX warning (ext4): destination with the same identifier (name{figure.3}) ha
s been already used, duplicate ignored
<to be read again> 
                   \relax 
l.481 ... correspond to those listed in Table A2.}
                                                  pdfTeX warning (ext4): destin
ation with the same identifier (name{figure.3}) has been already used, duplicat
e ignored
<to be read again> 
                   \relax 
l.481 ... correspond to those listed in Table A2.}
                                                  

LaTeX Warning: Float too large for page by 1.51007pt on input line 483.


LaTeX Warning: `!h' float specifier changed to `!ht'.

[48 </Users/Topher/Desktop/PostdocResearch/ShiftingSlopesOther/SchematicFigures
/Discretization.pdf>]
<"/Users/Topher/Desktop/PostdocResearch/ShiftingSlopesOther/ResultFigures/SlowE
xtinction".pdf, id=616, 867.24pt x 325.215pt>
File: "/Users/Topher/Desktop/PostdocResearch/ShiftingSlopesOther/ResultFigures/
SlowExtinction".pdf Graphic file (type pdf)
<use "/Users/Topher/Desktop/PostdocResearch/ShiftingSlopesOther/ResultFigures/S
lowExtinction".pdf>
Package pdftex.def Info: "/Users/Topher/Desktop/PostdocResearch/ShiftingSlopesO
ther/ResultFigures/SlowExtinction".pdf  used on input line 491.
(pdftex.def)             Requested size: 430.00462pt x 161.25237pt.
pdfTeX warning (ext4): destination with the same identifier (name{figure.1}) ha
s been already used, duplicate ignored
<to be read again> 
                   \relax 
l.492 ...ntal grey line shows $100\%$ extinction.}
                                                  pdfTeX warning (ext4): destin
ation with the same identifier (name{figure.1}) has been already used, duplicat
e ignored
<to be read again> 
                   \relax 
l.492 ...ntal grey line shows $100\%$ extinction.}
                                                   [49


 </Users/Topher/Desktop/PostdocResearch/ShiftingSlopesOther/ResultFigures/SlowE
xtinction.pdf>]
<"/Users/Topher/Desktop/PostdocResearch/ShiftingSlopesOther/ResultFigures/FastE
xtinction".pdf, id=627, 867.24pt x 325.215pt>
File: "/Users/Topher/Desktop/PostdocResearch/ShiftingSlopesOther/ResultFigures/
FastExtinction".pdf Graphic file (type pdf)
<use "/Users/Topher/Desktop/PostdocResearch/ShiftingSlopesOther/ResultFigures/F
astExtinction".pdf>
Package pdftex.def Info: "/Users/Topher/Desktop/PostdocResearch/ShiftingSlopesO
ther/ResultFigures/FastExtinction".pdf  used on input line 499.
(pdftex.def)             Requested size: 430.00462pt x 161.25237pt.
pdfTeX warning (ext4): destination with the same identifier (name{figure.2}) ha
s been already used, duplicate ignored
<to be read again> 
                   \relax 
l.500 ...ntal grey line shows $100\%$ extinction.}
                                                  pdfTeX warning (ext4): destin
ation with the same identifier (name{figure.2}) has been already used, duplicat
e ignored
<to be read again> 
                   \relax 
l.500 ...ntal grey line shows $100\%$ extinction.}
                                                   [50

 </Users/Topher/Desktop/PostdocResearch/ShiftingSlopesOther/ResultFigures/FastE
xtinction.pdf>]
<"/Users/Topher/Desktop/PostdocResearch/ShiftingSlopesOther/ResultFigures/SlowM
eanDisp".pdf, id=637, 867.24pt x 650.43pt>
File: "/Users/Topher/Desktop/PostdocResearch/ShiftingSlopesOther/ResultFigures/
SlowMeanDisp".pdf Graphic file (type pdf)
<use "/Users/Topher/Desktop/PostdocResearch/ShiftingSlopesOther/ResultFigures/S
lowMeanDisp".pdf>
Package pdftex.def Info: "/Users/Topher/Desktop/PostdocResearch/ShiftingSlopesO
ther/ResultFigures/SlowMeanDisp".pdf  used on input line 507.
(pdftex.def)             Requested size: 430.00462pt x 322.50475pt.
pdfTeX warning (ext4): destination with the same identifier (name{figure.3}) ha
s been already used, duplicate ignored
<to be read again> 
                   \relax 
l.508 ...00$) and a slow speed of climate change.}
                                                  pdfTeX warning (ext4): destin
ation with the same identifier (name{figure.3}) has been already used, duplicat
e ignored
<to be read again> 
                   \relax 
l.508 ...00$) and a slow speed of climate change.}
                                                   [51

 </Users/Topher/Desktop/PostdocResearch/ShiftingSlopesOther/ResultFigures/SlowM
eanDisp.pdf>]
<"/Users/Topher/Desktop/PostdocResearch/ShiftingSlopesOther/ResultFigures/FastM
eanDisp".pdf, id=647, 867.24pt x 650.43pt>
File: "/Users/Topher/Desktop/PostdocResearch/ShiftingSlopesOther/ResultFigures/
FastMeanDisp".pdf Graphic file (type pdf)
<use "/Users/Topher/Desktop/PostdocResearch/ShiftingSlopesOther/ResultFigures/F
astMeanDisp".pdf>
Package pdftex.def Info: "/Users/Topher/Desktop/PostdocResearch/ShiftingSlopesO
ther/ResultFigures/FastMeanDisp".pdf  used on input line 515.
(pdftex.def)             Requested size: 430.00462pt x 322.50475pt.
pdfTeX warning (ext4): destination with the same identifier (name{figure.4}) ha
s been already used, duplicate ignored
<to be read again> 
                   \relax 
l.516 ...00$) and a fast speed of climate change.}
                                                  pdfTeX warning (ext4): destin
ation with the same identifier (name{figure.4}) has been already used, duplicat
e ignored
<to be read again> 
                   \relax 
l.516 ...00$) and a fast speed of climate change.}
                                                   [52

 </Users/Topher/Desktop/PostdocResearch/ShiftingSlopesOther/ResultFigures/FastM
eanDisp.pdf>]
<"/Users/Topher/Desktop/PostdocResearch/ShiftingSlopesOther/ResultFigures/SlowD
ispGenVar".pdf, id=657, 867.24pt x 650.43pt>
File: "/Users/Topher/Desktop/PostdocResearch/ShiftingSlopesOther/ResultFigures/
SlowDispGenVar".pdf Graphic file (type pdf)
<use "/Users/Topher/Desktop/PostdocResearch/ShiftingSlopesOther/ResultFigures/S
lowDispGenVar".pdf>
Package pdftex.def Info: "/Users/Topher/Desktop/PostdocResearch/ShiftingSlopesO
ther/ResultFigures/SlowDispGenVar".pdf  used on input line 523.
(pdftex.def)             Requested size: 430.00462pt x 322.50475pt.
pdfTeX warning (ext4): destination with the same identifier (name{figure.5}) ha
s been already used, duplicate ignored
<to be read again> 
                   \relax 
l.524 ...00$) and a slow speed of climate change.}
                                                  pdfTeX warning (ext4): destin
ation with the same identifier (name{figure.5}) has been already used, duplicat
e ignored
<to be read again> 
                   \relax 
l.524 ...00$) and a slow speed of climate change.}
                                                   [53

 </Users/Topher/Desktop/PostdocResearch/ShiftingSlopesOther/ResultFigures/SlowD
ispGenVar.pdf>]
<"/Users/Topher/Desktop/PostdocResearch/ShiftingSlopesOther/ResultFigures/FastD
ispGenVar".pdf, id=667, 867.24pt x 650.43pt>
File: "/Users/Topher/Desktop/PostdocResearch/ShiftingSlopesOther/ResultFigures/
FastDispGenVar".pdf Graphic file (type pdf)
<use "/Users/Topher/Desktop/PostdocResearch/ShiftingSlopesOther/ResultFigures/F
astDispGenVar".pdf>
Package pdftex.def Info: "/Users/Topher/Desktop/PostdocResearch/ShiftingSlopesO
ther/ResultFigures/FastDispGenVar".pdf  used on input line 531.
(pdftex.def)             Requested size: 430.00462pt x 322.50475pt.
pdfTeX warning (ext4): destination with the same identifier (name{figure.6}) ha
s been already used, duplicate ignored
<to be read again> 
                   \relax 
l.532 ...00$) and a fast speed of climate change.}
                                                  pdfTeX warning (ext4): destin
ation with the same identifier (name{figure.6}) has been already used, duplicat
e ignored
<to be read again> 
                   \relax 
l.532 ...00$) and a fast speed of climate change.}
                                                   [54

 </Users/Topher/Desktop/PostdocResearch/ShiftingSlopesOther/ResultFigures/FastD
ispGenVar.pdf>]
<"/Users/Topher/Desktop/PostdocResearch/ShiftingSlopesOther/ResultFigures/SlowM
eanNiche".pdf, id=677, 867.24pt x 650.43pt>
File: "/Users/Topher/Desktop/PostdocResearch/ShiftingSlopesOther/ResultFigures/
SlowMeanNiche".pdf Graphic file (type pdf)
<use "/Users/Topher/Desktop/PostdocResearch/ShiftingSlopesOther/ResultFigures/S
lowMeanNiche".pdf>
Package pdftex.def Info: "/Users/Topher/Desktop/PostdocResearch/ShiftingSlopesO
ther/ResultFigures/SlowMeanNiche".pdf  used on input line 539.
(pdftex.def)             Requested size: 430.00462pt x 322.50475pt.
 [55

 </Users/Topher/Desktop/PostdocResearch/ShiftingSlopesOther/ResultFigures/SlowM
eanNiche.pdf>]
<"/Users/Topher/Desktop/PostdocResearch/ShiftingSlopesOther/ResultFigures/FastM
eanNiche".pdf, id=689, 867.24pt x 650.43pt>
File: "/Users/Topher/Desktop/PostdocResearch/ShiftingSlopesOther/ResultFigures/
FastMeanNiche".pdf Graphic file (type pdf)
<use "/Users/Topher/Desktop/PostdocResearch/ShiftingSlopesOther/ResultFigures/F
astMeanNiche".pdf>
Package pdftex.def Info: "/Users/Topher/Desktop/PostdocResearch/ShiftingSlopesO
ther/ResultFigures/FastMeanNiche".pdf  used on input line 547.
(pdftex.def)             Requested size: 430.00462pt x 322.50475pt.
 [56

 </Users/Topher/Desktop/PostdocResearch/ShiftingSlopesOther/ResultFigures/FastM
eanNiche.pdf>]
<"/Users/Topher/Desktop/PostdocResearch/ShiftingSlopesOther/ResultFigures/SlowF
itGenVar".pdf, id=700, 867.24pt x 650.43pt>
File: "/Users/Topher/Desktop/PostdocResearch/ShiftingSlopesOther/ResultFigures/
SlowFitGenVar".pdf Graphic file (type pdf)
<use "/Users/Topher/Desktop/PostdocResearch/ShiftingSlopesOther/ResultFigures/S
lowFitGenVar".pdf>
Package pdftex.def Info: "/Users/Topher/Desktop/PostdocResearch/ShiftingSlopesO
ther/ResultFigures/SlowFitGenVar".pdf  used on input line 555.
(pdftex.def)             Requested size: 430.00462pt x 322.50475pt.
 [57

 </Users/Topher/Desktop/PostdocResearch/ShiftingSlopesOther/ResultFigures/SlowF
itGenVar.pdf>]
<"/Users/Topher/Desktop/PostdocResearch/ShiftingSlopesOther/ResultFigures/FastF
itGenVar".pdf, id=711, 867.24pt x 650.43pt>
File: "/Users/Topher/Desktop/PostdocResearch/ShiftingSlopesOther/ResultFigures/
FastFitGenVar".pdf Graphic file (type pdf)
<use "/Users/Topher/Desktop/PostdocResearch/ShiftingSlopesOther/ResultFigures/F
astFitGenVar".pdf>
Package pdftex.def Info: "/Users/Topher/Desktop/PostdocResearch/ShiftingSlopesO
ther/ResultFigures/FastFitGenVar".pdf  used on input line 563.
(pdftex.def)             Requested size: 430.00462pt x 322.50475pt.
Package atveryend Info: Empty hook `BeforeClearDocument' on input line 568.
 [58

 </Users/Topher/Desktop/PostdocResearch/ShiftingSlopesOther/ResultFigures/FastF
itGenVar.pdf>]
Package atveryend Info: Empty hook `AfterLastShipout' on input line 568.

(./AmNat_ReSubmission.aux)
Package atveryend Info: Executing hook `AtVeryEndDocument' on input line 568.
Package atveryend Info: Executing hook `AtEndAfterFileList' on input line 568.
Package rerunfilecheck Info: File `AmNat_ReSubmission.out' has not changed.
(rerunfilecheck)             Checksum: D41D8CD98F00B204E9800998ECF8427E;0.


LaTeX Warning: There were multiply-defined labels.

Package atveryend Info: Empty hook `AtVeryVeryEnd' on input line 568.
 ) 
Here is how much of TeX's memory you used:
 7990 strings out of 492649
 122467 string characters out of 6129622
 232344 words of memory out of 5000000
 11574 multiletter control sequences out of 15000+600000
 56434 words of font info for 129 fonts, out of 8000000 for 9000
 1141 hyphenation exceptions out of 8191
 28i,12n,32p,3172b,525s stack positions out of 5000i,500n,10000p,200000b,80000s
{/usr/local/texlive/2018/texmf-dist/fonts/enc/dvips/base/8r.enc}</usr/local/t
exlive/2018/texmf-dist/fonts/type1/public/amsfonts/cm/cmex10.pfb></usr/local/te
xlive/2018/texmf-dist/fonts/type1/public/amsfonts/cm/cmmi10.pfb></usr/local/tex
live/2018/texmf-dist/fonts/type1/public/amsfonts/cm/cmr10.pfb></usr/local/texli
ve/2018/texmf-dist/fonts/type1/public/amsfonts/cm/cmss8.pfb></usr/local/texlive
/2018/texmf-dist/fonts/type1/public/amsfonts/cm/cmsy10.pfb></usr/local/texlive/
2018/texmf-dist/fonts/type1/public/mathpazo/fplmr.pfb></usr/local/texlive/2018/
texmf-dist/fonts/type1/urw/palatino/uplr8a.pfb></usr/local/texlive/2018/texmf-d
ist/fonts/type1/urw/symbol/usyr.pfb></usr/local/texlive/2018/texmf-dist/fonts/t
ype1/urw/symbol/usyr.pfb></usr/local/texlive/2018/texmf-dist/fonts/type1/urw/ti
mes/utmb8a.pfb></usr/local/texlive/2018/texmf-dist/fonts/type1/urw/times/utmr8a
.pfb></usr/local/texlive/2018/texmf-dist/fonts/type1/urw/times/utmri8a.pfb>
Output written on AmNat_ReSubmission.pdf (58 pages, 663843 bytes).
PDF statistics:
 795 PDF objects out of 1000 (max. 8388607)
 674 compressed objects within 7 object streams
 143 named destinations out of 1000 (max. 500000)
 96 words of extra memory for PDF output out of 10000 (max. 10000000)

