This is pdfTeX, Version 3.14159265-2.6-1.40.17 (TeX Live 2016) (preloaded format=pdflatex 2016.5.22)  20 JUL 2018 16:01
entering extended mode
 restricted \write18 enabled.
 file:line:error style messages enabled.
 %&-line parsing enabled.
**Supp.tex
(./Supp.tex
LaTeX2e <2016/03/31>
Babel <3.9r> and hyphenation patterns for 83 language(s) loaded.
(/usr/local/texlive/2016/texmf-dist/tex/latex/base/article.cls
Document Class: article 2014/09/29 v1.4h Standard LaTeX document class
(/usr/local/texlive/2016/texmf-dist/tex/latex/base/size12.clo
File: size12.clo 2014/09/29 v1.4h Standard LaTeX file (size option)
)
\c@part=\count79
\c@section=\count80
\c@subsection=\count81
\c@subsubsection=\count82
\c@paragraph=\count83
\c@subparagraph=\count84
\c@figure=\count85
\c@table=\count86
\abovecaptionskip=\skip41
\belowcaptionskip=\skip42
\bibindent=\dimen102
)
(/usr/local/texlive/2016/texmf-dist/tex/latex/geometry/geometry.sty
Package: geometry 2010/09/12 v5.6 Page Geometry

(/usr/local/texlive/2016/texmf-dist/tex/latex/graphics/keyval.sty
Package: keyval 2014/10/28 v1.15 key=value parser (DPC)
\KV@toks@=\toks14
)
(/usr/local/texlive/2016/texmf-dist/tex/generic/oberdiek/ifpdf.sty
Package: ifpdf 2016/05/14 v3.1 Provides the ifpdf switch
)
(/usr/local/texlive/2016/texmf-dist/tex/generic/oberdiek/ifvtex.sty
Package: ifvtex 2016/05/16 v1.6 Detect VTeX and its facilities (HO)
Package ifvtex Info: VTeX not detected.
)
(/usr/local/texlive/2016/texmf-dist/tex/generic/ifxetex/ifxetex.sty
Package: ifxetex 2010/09/12 v0.6 Provides ifxetex conditional
)
\Gm@cnth=\count87
\Gm@cntv=\count88
\c@Gm@tempcnt=\count89
\Gm@bindingoffset=\dimen103
\Gm@wd@mp=\dimen104
\Gm@odd@mp=\dimen105
\Gm@even@mp=\dimen106
\Gm@layoutwidth=\dimen107
\Gm@layoutheight=\dimen108
\Gm@layouthoffset=\dimen109
\Gm@layoutvoffset=\dimen110
\Gm@dimlist=\toks15
)
(/usr/local/texlive/2016/texmf-dist/tex/latex/graphics/graphicx.sty
Package: graphicx 2014/10/28 v1.0g Enhanced LaTeX Graphics (DPC,SPQR)

(/usr/local/texlive/2016/texmf-dist/tex/latex/graphics/graphics.sty
Package: graphics 2016/05/09 v1.0r Standard LaTeX Graphics (DPC,SPQR)

(/usr/local/texlive/2016/texmf-dist/tex/latex/graphics/trig.sty
Package: trig 2016/01/03 v1.10 sin cos tan (DPC)
)
(/usr/local/texlive/2016/texmf-dist/tex/latex/graphics-cfg/graphics.cfg
File: graphics.cfg 2016/01/02 v1.10 sample graphics configuration
)
Package graphics Info: Driver file: pdftex.def on input line 96.

(/usr/local/texlive/2016/texmf-dist/tex/latex/pdftex-def/pdftex.def
File: pdftex.def 2011/05/27 v0.06d Graphics/color for pdfTeX

(/usr/local/texlive/2016/texmf-dist/tex/generic/oberdiek/infwarerr.sty
Package: infwarerr 2016/05/16 v1.4 Providing info/warning/error messages (HO)
)
(/usr/local/texlive/2016/texmf-dist/tex/generic/oberdiek/ltxcmds.sty
Package: ltxcmds 2016/05/16 v1.23 LaTeX kernel commands for general use (HO)
)
\Gread@gobject=\count90
))
\Gin@req@height=\dimen111
\Gin@req@width=\dimen112
)
(/usr/local/texlive/2016/texmf-dist/tex/latex/hyperref/hyperref.sty
Package: hyperref 2016/05/05 v6.83n Hypertext links for LaTeX

(/usr/local/texlive/2016/texmf-dist/tex/generic/oberdiek/hobsub-hyperref.sty
Package: hobsub-hyperref 2016/05/16 v1.14 Bundle oberdiek, subset hyperref (HO)


(/usr/local/texlive/2016/texmf-dist/tex/generic/oberdiek/hobsub-generic.sty
Package: hobsub-generic 2016/05/16 v1.14 Bundle oberdiek, subset generic (HO)
Package: hobsub 2016/05/16 v1.14 Construct package bundles (HO)
Package hobsub Info: Skipping package `infwarerr' (already loaded).
Package hobsub Info: Skipping package `ltxcmds' (already loaded).
Package: ifluatex 2016/05/16 v1.4 Provides the ifluatex switch (HO)
Package ifluatex Info: LuaTeX not detected.
Package hobsub Info: Skipping package `ifvtex' (already loaded).
Package: intcalc 2016/05/16 v1.2 Expandable calculations with integers (HO)
Package hobsub Info: Skipping package `ifpdf' (already loaded).
Package: etexcmds 2016/05/16 v1.6 Avoid name clashes with e-TeX commands (HO)
Package etexcmds Info: Could not find \expanded.
(etexcmds)             That can mean that you are not using pdfTeX 1.50 or
(etexcmds)             that some package has redefined \expanded.
(etexcmds)             In the latter case, load this package earlier.
Package: kvsetkeys 2016/05/16 v1.17 Key value parser (HO)
Package: kvdefinekeys 2016/05/16 v1.4 Define keys (HO)
Package: pdftexcmds 2016/05/10 v0.21 Utility functions of pdfTeX for LuaTeX (HO
)
Package pdftexcmds Info: LuaTeX not detected.
Package pdftexcmds Info: \pdf@primitive is available.
Package pdftexcmds Info: \pdf@ifprimitive is available.
Package pdftexcmds Info: \pdfdraftmode found.
Package: pdfescape 2016/05/16 v1.14 Implements pdfTeX's escape features (HO)
Package: bigintcalc 2016/05/16 v1.4 Expandable calculations on big integers (HO
)
Package: bitset 2016/05/16 v1.2 Handle bit-vector datatype (HO)
Package: uniquecounter 2016/05/16 v1.3 Provide unlimited unique counter (HO)
)
Package hobsub Info: Skipping package `hobsub' (already loaded).
Package: letltxmacro 2016/05/16 v1.5 Let assignment for LaTeX macros (HO)
Package: hopatch 2016/05/16 v1.3 Wrapper for package hooks (HO)
Package: xcolor-patch 2016/05/16 xcolor patch
Package: atveryend 2016/05/16 v1.9 Hooks at the very end of document (HO)
Package atveryend Info: \enddocument detected (standard20110627).
Package: atbegshi 2016/05/16 v1.17 At begin shipout hook (HO)
Package: refcount 2016/05/16 v3.5 Data extraction from label references (HO)
Package: hycolor 2016/05/16 v1.8 Color options for hyperref/bookmark (HO)
)
(/usr/local/texlive/2016/texmf-dist/tex/latex/oberdiek/auxhook.sty
Package: auxhook 2016/05/16 v1.4 Hooks for auxiliary files (HO)
)
(/usr/local/texlive/2016/texmf-dist/tex/latex/oberdiek/kvoptions.sty
Package: kvoptions 2016/05/16 v3.12 Key value format for package options (HO)
)
\@linkdim=\dimen113
\Hy@linkcounter=\count91
\Hy@pagecounter=\count92

(/usr/local/texlive/2016/texmf-dist/tex/latex/hyperref/pd1enc.def
File: pd1enc.def 2016/05/05 v6.83n Hyperref: PDFDocEncoding definition (HO)
)
\Hy@SavedSpaceFactor=\count93

(/usr/local/texlive/2016/texmf-dist/tex/latex/latexconfig/hyperref.cfg
File: hyperref.cfg 2002/06/06 v1.2 hyperref configuration of TeXLive
)
Package hyperref Info: Hyper figures OFF on input line 4446.
Package hyperref Info: Link nesting OFF on input line 4451.
Package hyperref Info: Hyper index ON on input line 4454.
Package hyperref Info: Plain pages OFF on input line 4461.
Package hyperref Info: Backreferencing OFF on input line 4466.
Package hyperref Info: Implicit mode ON; LaTeX internals redefined.
Package hyperref Info: Bookmarks ON on input line 4691.
\c@Hy@tempcnt=\count94

(/usr/local/texlive/2016/texmf-dist/tex/latex/url/url.sty
\Urlmuskip=\muskip10
Package: url 2013/09/16  ver 3.4  Verb mode for urls, etc.
)
LaTeX Info: Redefining \url on input line 5044.
\XeTeXLinkMargin=\dimen114
\Fld@menulength=\count95
\Field@Width=\dimen115
\Fld@charsize=\dimen116
Package hyperref Info: Hyper figures OFF on input line 6298.
Package hyperref Info: Link nesting OFF on input line 6303.
Package hyperref Info: Hyper index ON on input line 6306.
Package hyperref Info: backreferencing OFF on input line 6313.
Package hyperref Info: Link coloring OFF on input line 6318.
Package hyperref Info: Link coloring with OCG OFF on input line 6323.
Package hyperref Info: PDF/A mode OFF on input line 6328.
LaTeX Info: Redefining \ref on input line 6368.
LaTeX Info: Redefining \pageref on input line 6372.
\Hy@abspage=\count96
\c@Item=\count97
\c@Hfootnote=\count98
)

Package hyperref Message: Driver (autodetected): hpdftex.

(/usr/local/texlive/2016/texmf-dist/tex/latex/hyperref/hpdftex.def
File: hpdftex.def 2016/05/05 v6.83n Hyperref driver for pdfTeX
\Fld@listcount=\count99
\c@bookmark@seq@number=\count100

(/usr/local/texlive/2016/texmf-dist/tex/latex/oberdiek/rerunfilecheck.sty
Package: rerunfilecheck 2016/05/16 v1.8 Rerun checks for auxiliary files (HO)
Package uniquecounter Info: New unique counter `rerunfilecheck' on input line 2
82.
)
\Hy@SectionHShift=\skip43
)
(/usr/local/texlive/2016/texmf-dist/tex/latex/fancybox/fancybox.sty
Package: fancybox 2010/05/15 1.4

Style option: `fancybox' v1.4 <2010/05/15> (tvz)
\@fancybox=\box26
\shadowsize=\dimen117
\@Sbox=\box27
\do@VerbBox=\toks16
\the@fancyput=\toks17
\this@fancyput=\toks18
\EndVerbatimTokens=\toks19
\Verbatim@Outfile=\write3
\Verbatim@Infile=\read1
) (/usr/local/texlive/2016/texmf-dist/tex/latex/amsmath/amsmath.sty
Package: amsmath 2016/03/10 v2.15b AMS math features
\@mathmargin=\skip44

For additional information on amsmath, use the `?' option.
(/usr/local/texlive/2016/texmf-dist/tex/latex/amsmath/amstext.sty
Package: amstext 2000/06/29 v2.01 AMS text

(/usr/local/texlive/2016/texmf-dist/tex/latex/amsmath/amsgen.sty
File: amsgen.sty 1999/11/30 v2.0 generic functions
\@emptytoks=\toks20
\ex@=\dimen118
))
(/usr/local/texlive/2016/texmf-dist/tex/latex/amsmath/amsbsy.sty
Package: amsbsy 1999/11/29 v1.2d Bold Symbols
\pmbraise@=\dimen119
)
(/usr/local/texlive/2016/texmf-dist/tex/latex/amsmath/amsopn.sty
Package: amsopn 2016/03/08 v2.02 operator names
)
\inf@bad=\count101
LaTeX Info: Redefining \frac on input line 199.
\uproot@=\count102
\leftroot@=\count103
LaTeX Info: Redefining \overline on input line 297.
\classnum@=\count104
\DOTSCASE@=\count105
LaTeX Info: Redefining \ldots on input line 394.
LaTeX Info: Redefining \dots on input line 397.
LaTeX Info: Redefining \cdots on input line 518.
\Mathstrutbox@=\box28
\strutbox@=\box29
\big@size=\dimen120
LaTeX Font Info:    Redeclaring font encoding OML on input line 634.
LaTeX Font Info:    Redeclaring font encoding OMS on input line 635.
\macc@depth=\count106
\c@MaxMatrixCols=\count107
\dotsspace@=\muskip11
\c@parentequation=\count108
\dspbrk@lvl=\count109
\tag@help=\toks21
\row@=\count110
\column@=\count111
\maxfields@=\count112
\andhelp@=\toks22
\eqnshift@=\dimen121
\alignsep@=\dimen122
\tagshift@=\dimen123
\tagwidth@=\dimen124
\totwidth@=\dimen125
\lineht@=\dimen126
\@envbody=\toks23
\multlinegap=\skip45
\multlinetaggap=\skip46
\mathdisplay@stack=\toks24
LaTeX Info: Redefining \[ on input line 2739.
LaTeX Info: Redefining \] on input line 2740.
)
(/usr/local/texlive/2016/texmf-dist/tex/latex/amsfonts/amssymb.sty
Package: amssymb 2013/01/14 v3.01 AMS font symbols

(/usr/local/texlive/2016/texmf-dist/tex/latex/amsfonts/amsfonts.sty
Package: amsfonts 2013/01/14 v3.01 Basic AMSFonts support
\symAMSa=\mathgroup4
\symAMSb=\mathgroup5
LaTeX Font Info:    Overwriting math alphabet `\mathfrak' in version `bold'
(Font)                  U/euf/m/n --> U/euf/b/n on input line 106.
))
(/usr/local/texlive/2016/texmf-dist/tex/latex/amscls/amsthm.sty
Package: amsthm 2015/03/04 v2.20.2
\thm@style=\toks25
\thm@bodyfont=\toks26
\thm@headfont=\toks27
\thm@notefont=\toks28
\thm@headpunct=\toks29
\thm@preskip=\skip47
\thm@postskip=\skip48
\thm@headsep=\skip49
\dth@everypar=\toks30
)
(/usr/local/texlive/2016/texmf-dist/tex/latex/natbib/natbib.sty
Package: natbib 2010/09/13 8.31b (PWD, AO)
\bibhang=\skip50
\bibsep=\skip51
LaTeX Info: Redefining \cite on input line 694.
\c@NAT@ctr=\count113
)
(/usr/local/texlive/2016/texmf-dist/tex/latex/preprint/fullpage.sty
Package: fullpage 1999/02/23 1.1 (PWD)
\FP@margin=\skip52
)
(/usr/local/texlive/2016/texmf-dist/tex/latex/placeins/placeins.sty
Package: placeins 2005/04/18  v 2.2
)
(/usr/local/texlive/2016/texmf-dist/tex/latex/setspace/setspace.sty
Package: setspace 2011/12/19 v6.7a set line spacing
)
(/usr/local/texlive/2016/texmf-dist/tex/latex/lineno/lineno.sty
Package: lineno 2005/11/02 line numbers on paragraphs v4.41
\linenopenalty=\count114
\output=\toks31
\linenoprevgraf=\count115
\linenumbersep=\dimen127
\linenumberwidth=\dimen128
\c@linenumber=\count116
\c@pagewiselinenumber=\count117
\c@LN@truepage=\count118
\c@internallinenumber=\count119
\c@internallinenumbers=\count120
\quotelinenumbersep=\dimen129
\bframerule=\dimen130
\bframesep=\dimen131
\bframebox=\box30
LaTeX Info: Redefining \\ on input line 3056.
)
(/usr/local/texlive/2016/texmf-dist/tex/latex/graphics/color.sty
Package: color 2016/05/09 v1.1c Standard LaTeX Color (DPC)

(/usr/local/texlive/2016/texmf-dist/tex/latex/graphics-cfg/color.cfg
File: color.cfg 2016/01/02 v1.6 sample color configuration
)
Package color Info: Driver file: pdftex.def on input line 144.
)
(/usr/local/texlive/2016/texmf-dist/tex/latex/preprint/authblk.sty
Package: authblk 2001/02/27 1.3 (PWD)
\affilsep=\skip53
\@affilsep=\skip54
\c@Maxaffil=\count121
\c@authors=\count122
\c@affil=\count123
)
(/usr/local/texlive/2016/texmf-dist/tex/latex/psnfss/mathptmx.sty
Package: mathptmx 2005/04/12 PSNFSS-v9.2a Times w/ Math, improved (SPQR, WaS) 
LaTeX Font Info:    Redeclaring symbol font `operators' on input line 28.
LaTeX Font Info:    Overwriting symbol font `operators' in version `normal'
(Font)                  OT1/cmr/m/n --> OT1/ztmcm/m/n on input line 28.
LaTeX Font Info:    Overwriting symbol font `operators' in version `bold'
(Font)                  OT1/cmr/bx/n --> OT1/ztmcm/m/n on input line 28.
LaTeX Font Info:    Redeclaring symbol font `letters' on input line 29.
LaTeX Font Info:    Overwriting symbol font `letters' in version `normal'
(Font)                  OML/cmm/m/it --> OML/ztmcm/m/it on input line 29.
LaTeX Font Info:    Overwriting symbol font `letters' in version `bold'
(Font)                  OML/cmm/b/it --> OML/ztmcm/m/it on input line 29.
LaTeX Font Info:    Redeclaring symbol font `symbols' on input line 30.
LaTeX Font Info:    Overwriting symbol font `symbols' in version `normal'
(Font)                  OMS/cmsy/m/n --> OMS/ztmcm/m/n on input line 30.
LaTeX Font Info:    Overwriting symbol font `symbols' in version `bold'
(Font)                  OMS/cmsy/b/n --> OMS/ztmcm/m/n on input line 30.
LaTeX Font Info:    Redeclaring symbol font `largesymbols' on input line 31.
LaTeX Font Info:    Overwriting symbol font `largesymbols' in version `normal'
(Font)                  OMX/cmex/m/n --> OMX/ztmcm/m/n on input line 31.
LaTeX Font Info:    Overwriting symbol font `largesymbols' in version `bold'
(Font)                  OMX/cmex/m/n --> OMX/ztmcm/m/n on input line 31.
\symbold=\mathgroup6
\symitalic=\mathgroup7
LaTeX Font Info:    Redeclaring math alphabet \mathbf on input line 34.
LaTeX Font Info:    Overwriting math alphabet `\mathbf' in version `normal'
(Font)                  OT1/cmr/bx/n --> OT1/ptm/bx/n on input line 34.
LaTeX Font Info:    Overwriting math alphabet `\mathbf' in version `bold'
(Font)                  OT1/cmr/bx/n --> OT1/ptm/bx/n on input line 34.
LaTeX Font Info:    Redeclaring math alphabet \mathit on input line 35.
LaTeX Font Info:    Overwriting math alphabet `\mathit' in version `normal'
(Font)                  OT1/cmr/m/it --> OT1/ptm/m/it on input line 35.
LaTeX Font Info:    Overwriting math alphabet `\mathit' in version `bold'
(Font)                  OT1/cmr/bx/it --> OT1/ptm/m/it on input line 35.
LaTeX Info: Redefining \hbar on input line 50.
) (./Supp.aux)
\openout1 = `Supp.aux'.

LaTeX Font Info:    Checking defaults for OML/cmm/m/it on input line 36.
LaTeX Font Info:    ... okay on input line 36.
LaTeX Font Info:    Checking defaults for T1/cmr/m/n on input line 36.
LaTeX Font Info:    ... okay on input line 36.
LaTeX Font Info:    Checking defaults for OT1/cmr/m/n on input line 36.
LaTeX Font Info:    ... okay on input line 36.
LaTeX Font Info:    Checking defaults for OMS/cmsy/m/n on input line 36.
LaTeX Font Info:    ... okay on input line 36.
LaTeX Font Info:    Checking defaults for OMX/cmex/m/n on input line 36.
LaTeX Font Info:    ... okay on input line 36.
LaTeX Font Info:    Checking defaults for U/cmr/m/n on input line 36.
LaTeX Font Info:    ... okay on input line 36.
LaTeX Font Info:    Checking defaults for PD1/pdf/m/n on input line 36.
LaTeX Font Info:    ... okay on input line 36.
LaTeX Font Info:    Try loading font information for OT1+ptm on input line 36.
(/usr/local/texlive/2016/texmf-dist/tex/latex/psnfss/ot1ptm.fd
File: ot1ptm.fd 2001/06/04 font definitions for OT1/ptm.
)
*geometry* driver: auto-detecting
*geometry* detected driver: pdftex
*geometry* verbose mode - [ preamble ] result:
* driver: pdftex
* paper: letterpaper
* layout: <same size as paper>
* layoutoffset:(h,v)=(0.0pt,0.0pt)
* modes: 
* h-part:(L,W,R)=(92.14519pt, 430.00462pt, 92.14519pt)
* v-part:(T,H,B)=(95.39737pt, 556.47656pt, 143.09605pt)
* \paperwidth=614.295pt
* \paperheight=794.96999pt
* \textwidth=469.75502pt
* \textheight=620.43001pt
* \oddsidemargin=0.0pt
* \evensidemargin=0.0pt
* \topmargin=0.0pt
* \headheight=0.0pt
* \headsep=0.0pt
* \topskip=12.0pt
* \footskip=30.0pt
* \marginparwidth=44.0pt
* \marginparsep=10.0pt
* \columnsep=10.0pt
* \skip\footins=10.8pt plus 4.0pt minus 2.0pt
* \hoffset=0.0pt
* \voffset=0.0pt
* \mag=1000
* \@twocolumnfalse
* \@twosidefalse
* \@mparswitchfalse
* \@reversemarginfalse
* (1in=72.27pt=25.4mm, 1cm=28.453pt)

(/usr/local/texlive/2016/texmf-dist/tex/context/base/mkii/supp-pdf.mkii
[Loading MPS to PDF converter (version 2006.09.02).]
\scratchcounter=\count124
\scratchdimen=\dimen132
\scratchbox=\box31
\nofMPsegments=\count125
\nofMParguments=\count126
\everyMPshowfont=\toks32
\MPscratchCnt=\count127
\MPscratchDim=\dimen133
\MPnumerator=\count128
\makeMPintoPDFobject=\count129
\everyMPtoPDFconversion=\toks33
) (/usr/local/texlive/2016/texmf-dist/tex/latex/oberdiek/epstopdf-base.sty
Package: epstopdf-base 2016/05/15 v2.6 Base part for package epstopdf

(/usr/local/texlive/2016/texmf-dist/tex/latex/oberdiek/grfext.sty
Package: grfext 2016/05/16 v1.2 Manage graphics extensions (HO)
)
Package grfext Info: Graphics extension search list:
(grfext)             [.png,.pdf,.jpg,.mps,.jpeg,.jbig2,.jb2,.PNG,.PDF,.JPG,.JPE
G,.JBIG2,.JB2,.eps]
(grfext)             \AppendGraphicsExtensions on input line 456.

(/usr/local/texlive/2016/texmf-dist/tex/latex/latexconfig/epstopdf-sys.cfg
File: epstopdf-sys.cfg 2010/07/13 v1.3 Configuration of (r)epstopdf for TeX Liv
e
))
\AtBeginShipoutBox=\box32
Package hyperref Info: Link coloring OFF on input line 36.

(/usr/local/texlive/2016/texmf-dist/tex/latex/hyperref/nameref.sty
Package: nameref 2012/10/27 v2.43 Cross-referencing by name of section

(/usr/local/texlive/2016/texmf-dist/tex/generic/oberdiek/gettitlestring.sty
Package: gettitlestring 2016/05/16 v1.5 Cleanup title references (HO)
)
\c@section@level=\count130
)
LaTeX Info: Redefining \ref on input line 36.
LaTeX Info: Redefining \pageref on input line 36.
LaTeX Info: Redefining \nameref on input line 36.

(./Supp.out) (./Supp.out)
\@outlinefile=\write4
\openout4 = `Supp.out'.

LaTeX Font Info:    Try loading font information for OT1+ztmcm on input line 37
.

(/usr/local/texlive/2016/texmf-dist/tex/latex/psnfss/ot1ztmcm.fd
File: ot1ztmcm.fd 2000/01/03 Fontinst v1.801 font definitions for OT1/ztmcm.
)
LaTeX Font Info:    Try loading font information for OML+ztmcm on input line 37
.

(/usr/local/texlive/2016/texmf-dist/tex/latex/psnfss/omlztmcm.fd
File: omlztmcm.fd 2000/01/03 Fontinst v1.801 font definitions for OML/ztmcm.
)
LaTeX Font Info:    Try loading font information for OMS+ztmcm on input line 37
.

(/usr/local/texlive/2016/texmf-dist/tex/latex/psnfss/omsztmcm.fd
File: omsztmcm.fd 2000/01/03 Fontinst v1.801 font definitions for OMS/ztmcm.
)
LaTeX Font Info:    Try loading font information for OMX+ztmcm on input line 37
.

(/usr/local/texlive/2016/texmf-dist/tex/latex/psnfss/omxztmcm.fd
File: omxztmcm.fd 2000/01/03 Fontinst v1.801 font definitions for OMX/ztmcm.
)
LaTeX Font Info:    Font shape `OT1/ptm/bx/n' in size <14.4> not available
(Font)              Font shape `OT1/ptm/b/n' tried instead on input line 37.
LaTeX Font Info:    Font shape `OT1/ptm/bx/n' in size <10.95> not available
(Font)              Font shape `OT1/ptm/b/n' tried instead on input line 37.
LaTeX Font Info:    Font shape `OT1/ptm/bx/n' in size <8> not available
(Font)              Font shape `OT1/ptm/b/n' tried instead on input line 37.
LaTeX Font Info:    Font shape `OT1/ptm/bx/n' in size <17.28> not available
(Font)              Font shape `OT1/ptm/b/n' tried instead on input line 47.
LaTeX Font Info:    Font shape `OT1/ptm/bx/n' in size <12> not available
(Font)              Font shape `OT1/ptm/b/n' tried instead on input line 49.
LaTeX Font Info:    Font shape `OT1/ptm/bx/n' in size <9> not available
(Font)              Font shape `OT1/ptm/b/n' tried instead on input line 49.
LaTeX Font Info:    Font shape `OT1/ptm/bx/n' in size <7> not available
(Font)              Font shape `OT1/ptm/b/n' tried instead on input line 49.
 [1

{/usr/local/texlive/2016/texmf-var/fonts/map/pdftex/updmap/pdftex.map}] [2] [3]
 [4]
[5] [6]
Overfull \hbox (25.49406pt too wide) in paragraph at lines 121--123
\OT1/ptm/m/n/12 where $\OML/ztmcm/m/it/12 !$ \OT1/ptm/m/n/12 de-fines the stren
gth of sta-bi-liz-ing se-lec-tion and $\OML/ztmcm/m/it/12 z[]$ \OT1/ptm/m/n/12 
is an in-di-vid-ual's en-vi-ron-men-tal niche ([]Lande[],
 []

[7] [8] (./Supp.bbl) [9]
Underfull \hbox (badness 10000) in paragraph at lines 177--178
[]$\OT1/ztmcm/m/n/12 0\OML/ztmcm/m/it/12 :\OT1/ztmcm/m/n/12 02$ \OT1/ptm/m/n/12
 for
 []


Underfull \hbox (badness 4899) in paragraph at lines 178--179
[]$\OT1/ztmcm/m/n/12 0\OML/ztmcm/m/it/12 :\OT1/ztmcm/m/n/12 0004$ \OT1/ptm/m/n/
12 for
 []


Underfull \hbox (badness 1521) in paragraph at lines 179--180
[]$\OT1/ztmcm/m/n/12 5$ \OT1/ptm/m/n/12 for each
 []


LaTeX Warning: Float too large for page by 49.80109pt on input line 188.


Underfull \hbox (badness 10000) in paragraph at lines 194--194
[]\OT1/ptm/m/n/12 Habitat gra-di-ent at
 []

[10] [11]
<"/Users/Topher/Desktop/RangeShifts/ShiftingSlopesOther/SchematicFigures/f_of_x
t".pdf, id=108, 505.89pt x 252.945pt>
File: "/Users/Topher/Desktop/RangeShifts/ShiftingSlopesOther/SchematicFigures/f
_of_xt".pdf Graphic file (type pdf)

<use "/Users/Topher/Desktop/RangeShifts/ShiftingSlopesOther/SchematicFigures/f_
of_xt".pdf>
Package pdftex.def Info: "/Users/Topher/Desktop/RangeShifts/ShiftingSlopesOther
/SchematicFigures/f_of_xt".pdf used on input line 214.
(pdftex.def)             Requested size: 469.75502pt x 234.88133pt.

<"/Users/Topher/Desktop/RangeShifts/ShiftingSlopesOther/SchematicFigures/LifeCy
cle".pdf, id=109, 963.6pt x 542.025pt>
File: "/Users/Topher/Desktop/RangeShifts/ShiftingSlopesOther/SchematicFigures/L
ifeCycle".pdf Graphic file (type pdf)

<use "/Users/Topher/Desktop/RangeShifts/ShiftingSlopesOther/SchematicFigures/Li
feCycle".pdf>
Package pdftex.def Info: "/Users/Topher/Desktop/RangeShifts/ShiftingSlopesOther
/SchematicFigures/LifeCycle".pdf used on input line 222.
(pdftex.def)             Requested size: 469.75502pt x 264.23819pt.

<"/Users/Topher/Desktop/RangeShifts/ShiftingSlopesOther/ResultFigures/SlowExtin
ction".pdf, id=110, 578.16pt x 216.81pt>
File: "/Users/Topher/Desktop/RangeShifts/ShiftingSlopesOther/ResultFigures/Slow
Extinction".pdf Graphic file (type pdf)

<use "/Users/Topher/Desktop/RangeShifts/ShiftingSlopesOther/ResultFigures/SlowE
xtinction".pdf>
Package pdftex.def Info: "/Users/Topher/Desktop/RangeShifts/ShiftingSlopesOther
/ResultFigures/SlowExtinction".pdf used on input line 230.
(pdftex.def)             Requested size: 469.75502pt x 176.15768pt.

<"/Users/Topher/Desktop/RangeShifts/ShiftingSlopesOther/ResultFigures/FastExtin
ction".pdf, id=111, 578.16pt x 216.81pt>
File: "/Users/Topher/Desktop/RangeShifts/ShiftingSlopesOther/ResultFigures/Fast
Extinction".pdf Graphic file (type pdf)

<use "/Users/Topher/Desktop/RangeShifts/ShiftingSlopesOther/ResultFigures/FastE
xtinction".pdf>
Package pdftex.def Info: "/Users/Topher/Desktop/RangeShifts/ShiftingSlopesOther
/ResultFigures/FastExtinction".pdf used on input line 238.
(pdftex.def)             Requested size: 469.75502pt x 176.15768pt.

<"/Users/Topher/Desktop/RangeShifts/ShiftingSlopesOther/ResultFigures/SlowDispE
vol".pdf, id=112, 578.16pt x 433.62pt>
File: "/Users/Topher/Desktop/RangeShifts/ShiftingSlopesOther/ResultFigures/Slow
DispEvol".pdf Graphic file (type pdf)

<use "/Users/Topher/Desktop/RangeShifts/ShiftingSlopesOther/ResultFigures/SlowD
ispEvol".pdf>
Package pdftex.def Info: "/Users/Topher/Desktop/RangeShifts/ShiftingSlopesOther
/ResultFigures/SlowDispEvol".pdf used on input line 246.
(pdftex.def)             Requested size: 469.75502pt x 352.31538pt.

<"/Users/Topher/Desktop/RangeShifts/ShiftingSlopesOther/ResultFigures/MainDispE
vol".pdf, id=113, 578.16pt x 433.62pt>
File: "/Users/Topher/Desktop/RangeShifts/ShiftingSlopesOther/ResultFigures/Main
DispEvol".pdf Graphic file (type pdf)

<use "/Users/Topher/Desktop/RangeShifts/ShiftingSlopesOther/ResultFigures/MainD
ispEvol".pdf>
Package pdftex.def Info: "/Users/Topher/Desktop/RangeShifts/ShiftingSlopesOther
/ResultFigures/MainDispEvol".pdf used on input line 254.
(pdftex.def)             Requested size: 469.75502pt x 352.31538pt.

<"/Users/Topher/Desktop/RangeShifts/ShiftingSlopesOther/ResultFigures/FastDispE
vol".pdf, id=114, 578.16pt x 433.62pt>
File: "/Users/Topher/Desktop/RangeShifts/ShiftingSlopesOther/ResultFigures/Fast
DispEvol".pdf Graphic file (type pdf)

<use "/Users/Topher/Desktop/RangeShifts/ShiftingSlopesOther/ResultFigures/FastD
ispEvol".pdf>
Package pdftex.def Info: "/Users/Topher/Desktop/RangeShifts/ShiftingSlopesOther
/ResultFigures/FastDispEvol".pdf used on input line 262.
(pdftex.def)             Requested size: 469.75502pt x 352.31538pt.

<"/Users/Topher/Desktop/RangeShifts/ShiftingSlopesOther/ResultFigures/SlowInitD
ispVals".pdf, id=115, 578.16pt x 433.62pt>
File: "/Users/Topher/Desktop/RangeShifts/ShiftingSlopesOther/ResultFigures/Slow
InitDispVals".pdf Graphic file (type pdf)

<use "/Users/Topher/Desktop/RangeShifts/ShiftingSlopesOther/ResultFigures/SlowI
nitDispVals".pdf>
Package pdftex.def Info: "/Users/Topher/Desktop/RangeShifts/ShiftingSlopesOther
/ResultFigures/SlowInitDispVals".pdf used on input line 270.
(pdftex.def)             Requested size: 469.75502pt x 352.31538pt.

<"/Users/Topher/Desktop/RangeShifts/ShiftingSlopesOther/ResultFigures/MainInitD
ispVals".pdf, id=116, 578.16pt x 433.62pt>
File: "/Users/Topher/Desktop/RangeShifts/ShiftingSlopesOther/ResultFigures/Main
InitDispVals".pdf Graphic file (type pdf)

<use "/Users/Topher/Desktop/RangeShifts/ShiftingSlopesOther/ResultFigures/MainI
nitDispVals".pdf>
Package pdftex.def Info: "/Users/Topher/Desktop/RangeShifts/ShiftingSlopesOther
/ResultFigures/MainInitDispVals".pdf used on input line 278.
(pdftex.def)             Requested size: 469.75502pt x 352.31538pt.

<"/Users/Topher/Desktop/RangeShifts/ShiftingSlopesOther/ResultFigures/FastInitD
ispVals".pdf, id=117, 578.16pt x 433.62pt>
File: "/Users/Topher/Desktop/RangeShifts/ShiftingSlopesOther/ResultFigures/Fast
InitDispVals".pdf Graphic file (type pdf)

<use "/Users/Topher/Desktop/RangeShifts/ShiftingSlopesOther/ResultFigures/FastI
nitDispVals".pdf>
Package pdftex.def Info: "/Users/Topher/Desktop/RangeShifts/ShiftingSlopesOther
/ResultFigures/FastInitDispVals".pdf used on input line 286.
(pdftex.def)             Requested size: 469.75502pt x 352.31538pt.

<"/Users/Topher/Desktop/RangeShifts/ShiftingSlopesOther/ResultFigures/SlowInitF
itSpace".pdf, id=118, 578.16pt x 289.08pt>
File: "/Users/Topher/Desktop/RangeShifts/ShiftingSlopesOther/ResultFigures/Slow
InitFitSpace".pdf Graphic file (type pdf)

<use "/Users/Topher/Desktop/RangeShifts/ShiftingSlopesOther/ResultFigures/SlowI
nitFitSpace".pdf>
Package pdftex.def Info: "/Users/Topher/Desktop/RangeShifts/ShiftingSlopesOther
/ResultFigures/SlowInitFitSpace".pdf used on input line 294.
(pdftex.def)             Requested size: 469.75502pt x 234.8769pt.

<"/Users/Topher/Desktop/RangeShifts/ShiftingSlopesOther/ResultFigures/MainInitF
itSpace".pdf, id=119, 578.16pt x 289.08pt>
File: "/Users/Topher/Desktop/RangeShifts/ShiftingSlopesOther/ResultFigures/Main
InitFitSpace".pdf Graphic file (type pdf)

<use "/Users/Topher/Desktop/RangeShifts/ShiftingSlopesOther/ResultFigures/MainI
nitFitSpace".pdf>
Package pdftex.def Info: "/Users/Topher/Desktop/RangeShifts/ShiftingSlopesOther
/ResultFigures/MainInitFitSpace".pdf used on input line 302.
(pdftex.def)             Requested size: 469.75502pt x 234.8769pt.

<"/Users/Topher/Desktop/RangeShifts/ShiftingSlopesOther/ResultFigures/FastInitF
itSpace".pdf, id=120, 578.16pt x 289.08pt>
File: "/Users/Topher/Desktop/RangeShifts/ShiftingSlopesOther/ResultFigures/Fast
InitFitSpace".pdf Graphic file (type pdf)

<use "/Users/Topher/Desktop/RangeShifts/ShiftingSlopesOther/ResultFigures/FastI
nitFitSpace".pdf>
Package pdftex.def Info: "/Users/Topher/Desktop/RangeShifts/ShiftingSlopesOther
/ResultFigures/FastInitFitSpace".pdf used on input line 310.
(pdftex.def)             Requested size: 469.75502pt x 234.8769pt.
Package atveryend Info: Empty hook `BeforeClearDocument' on input line 316.
 [12 </Users/Topher/Desktop/RangeShifts/ShiftingSlopesOther/SchematicFigures/f_
of_xt.pdf>] [13 </Users/Topher/Desktop/RangeShifts/ShiftingSlopesOther/Schemati
cFigures/LifeCycle.pdf>] [14 </Users/Topher/Desktop/RangeShifts/ShiftingSlopesO
ther/ResultFigures/SlowExtinction.pdf> </Users/Topher/Desktop/RangeShifts/Shift
ingSlopesOther/ResultFigures/FastExtinction.pdf>] [15 </Users/Topher/Desktop/Ra
ngeShifts/ShiftingSlopesOther/ResultFigures/SlowDispEvol.pdf>] [16 </Users/Toph
er/Desktop/RangeShifts/ShiftingSlopesOther/ResultFigures/MainDispEvol.pdf>] [17
 </Users/Topher/Desktop/RangeShifts/ShiftingSlopesOther/ResultFigures/FastDispE
vol.pdf>] [18 </Users/Topher/Desktop/RangeShifts/ShiftingSlopesOther/ResultFigu
res/SlowInitDispVals.pdf>] [19 </Users/Topher/Desktop/RangeShifts/ShiftingSlope
sOther/ResultFigures/MainInitDispVals.pdf>] [20 </Users/Topher/Desktop/RangeShi
fts/ShiftingSlopesOther/ResultFigures/FastInitDispVals.pdf>]
[21 </Users/Topher/Desktop/RangeShifts/ShiftingSlopesOther/ResultFigures/SlowIn
itFitSpace.pdf>] [22 </Users/Topher/Desktop/RangeShifts/ShiftingSlopesOther/Res
ultFigures/MainInitFitSpace.pdf>] [23 </Users/Topher/Desktop/RangeShifts/Shifti
ngSlopesOther/ResultFigures/FastInitFitSpace.pdf>]
Package atveryend Info: Empty hook `AfterLastShipout' on input line 316.
 (./Supp.aux)
Package atveryend Info: Executing hook `AtVeryEndDocument' on input line 316.
Package atveryend Info: Executing hook `AtEndAfterFileList' on input line 316.
Package rerunfilecheck Info: File `Supp.out' has not changed.
(rerunfilecheck)             Checksum: D41D8CD98F00B204E9800998ECF8427E;0.
Package atveryend Info: Empty hook `AtVeryVeryEnd' on input line 316.
 ) 
Here is how much of TeX's memory you used:
 7631 strings out of 493014
 113195 string characters out of 6133351
 212167 words of memory out of 5000000
 10950 multiletter control sequences out of 15000+600000
 45822 words of font info for 104 fonts, out of 8000000 for 9000
 1141 hyphenation exceptions out of 8191
 29i,13n,26p,1179b,383s stack positions out of 5000i,500n,10000p,200000b,80000s
{/usr/local/texlive/2016/texmf-dist/fonts/enc/dvips/base/8r.enc}</usr/local/t
exlive/2016/texmf-dist/fonts/type1/public/amsfonts/cm/cmex10.pfb></usr/local/te
xlive/2016/texmf-dist/fonts/type1/public/amsfonts/cm/cmmi10.pfb></usr/local/tex
live/2016/texmf-dist/fonts/type1/public/amsfonts/cm/cmr10.pfb></usr/local/texli
ve/2016/texmf-dist/fonts/type1/public/amsfonts/cm/cmss8.pfb></usr/local/texlive
/2016/texmf-dist/fonts/type1/public/amsfonts/cm/cmsy10.pfb></usr/local/texlive/
2016/texmf-dist/fonts/type1/urw/symbol/usyr.pfb></usr/local/texlive/2016/texmf-
dist/fonts/type1/urw/symbol/usyr.pfb></usr/local/texlive/2016/texmf-dist/fonts/
type1/urw/times/utmb8a.pfb></usr/local/texlive/2016/texmf-dist/fonts/type1/urw/
times/utmr8a.pfb></usr/local/texlive/2016/texmf-dist/fonts/type1/urw/times/utmr
i8a.pfb>
Output written on Supp.pdf (23 pages, 322928 bytes).
PDF statistics:
 333 PDF objects out of 1000 (max. 8388607)
 265 compressed objects within 3 object streams
 72 named destinations out of 1000 (max. 500000)
 66 words of extra memory for PDF output out of 10000 (max. 10000000)

